{"/Users/juandelatorre/Desktop/cashtrackr/backend/src/server.ts": {"path":"/Users/juandelatorre/Desktop/cashtrackr/backend/src/server.ts","statementMap":{"0":{"start":{"line":1,"column":0},"end":{"line":1,"column":29}},"1":{"start":{"line":3,"column":0},"end":{"line":3,"column":27}},"2":{"start":{"line":4,"column":0},"end":{"line":4,"column":32}},"3":{"start":{"line":5,"column":0},"end":{"line":5,"column":48}},"4":{"start":{"line":6,"column":0},"end":{"line":6,"column":44}},"5":{"start":{"line":9,"column":4},"end":{"line":16,"column":5}},"6":{"start":{"line":10,"column":8},"end":{"line":10,"column":null}},"7":{"start":{"line":11,"column":8},"end":{"line":11,"column":null}},"8":{"start":{"line":8,"column":0},"end":{"line":8,"column":7}},"9":{"start":{"line":18,"column":0},"end":{"line":18,"column":null}},"10":{"start":{"line":20,"column":12},"end":{"line":20,"column":21}},"11":{"start":{"line":22,"column":0},"end":{"line":22,"column":null}},"12":{"start":{"line":24,"column":0},"end":{"line":24,"column":null}},"13":{"start":{"line":26,"column":0},"end":{"line":26,"column":null}},"14":{"start":{"line":27,"column":0},"end":{"line":27,"column":null}},"15":{"start":{"line":29,"column":0},"end":{"line":29,"column":null}}},"fnMap":{"0":{"name":"connectDB","decl":{"start":{"line":8,"column":22},"end":{"line":8,"column":31}},"loc":{"start":{"line":8,"column":31},"end":{"line":17,"column":1}}}},"branchMap":{},"s":{"0":1,"1":1,"2":1,"3":1,"4":1,"5":1,"6":1,"7":1,"8":1,"9":1,"10":1,"11":1,"12":1,"13":1,"14":1,"15":1},"f":{"0":1},"b":{}}
,"/Users/juandelatorre/Desktop/cashtrackr/backend/src/config/db.ts": {"path":"/Users/juandelatorre/Desktop/cashtrackr/backend/src/config/db.ts","statementMap":{"0":{"start":{"line":1,"column":0},"end":{"line":1,"column":48}},"1":{"start":{"line":2,"column":0},"end":{"line":2,"column":27}},"2":{"start":{"line":3,"column":0},"end":{"line":3,"column":null}},"3":{"start":{"line":5,"column":13},"end":{"line":13,"column":null}}},"fnMap":{},"branchMap":{},"s":{"0":1,"1":1,"2":1,"3":1},"f":{},"b":{}}
,"/Users/juandelatorre/Desktop/cashtrackr/backend/src/config/limiter.ts": {"path":"/Users/juandelatorre/Desktop/cashtrackr/backend/src/config/limiter.ts","statementMap":{"0":{"start":{"line":1,"column":0},"end":{"line":1,"column":46}},"1":{"start":{"line":3,"column":13},"end":{"line":7,"column":null}}},"fnMap":{},"branchMap":{"0":{"loc":{"start":{"line":5,"column":11},"end":{"line":5,"column":59}},"type":"cond-expr","locations":[{"start":{"line":5,"column":51},"end":{"line":5,"column":52}},{"start":{"line":5,"column":55},"end":{"line":5,"column":59}}]}},"s":{"0":1,"1":1},"f":{},"b":{"0":[0,1]}}
,"/Users/juandelatorre/Desktop/cashtrackr/backend/src/config/nodemailer.ts": {"path":"/Users/juandelatorre/Desktop/cashtrackr/backend/src/config/nodemailer.ts","statementMap":{"0":{"start":{"line":1,"column":0},"end":{"line":1,"column":35}},"1":{"start":{"line":2,"column":0},"end":{"line":2,"column":27}},"2":{"start":{"line":3,"column":0},"end":{"line":3,"column":null}},"3":{"start":{"line":5,"column":15},"end":{"line":14,"column":1}},"4":{"start":{"line":6,"column":4},"end":{"line":13,"column":null}},"5":{"start":{"line":16,"column":13},"end":{"line":16,"column":62}}},"fnMap":{"0":{"name":"(anonymous_1)","decl":{"start":{"line":5,"column":15},"end":{"line":5,"column":18}},"loc":{"start":{"line":5,"column":20},"end":{"line":14,"column":1}}}},"branchMap":{},"s":{"0":2,"1":2,"2":2,"3":2,"4":2,"5":2},"f":{"0":2},"b":{}}
,"/Users/juandelatorre/Desktop/cashtrackr/backend/src/controllers/AuthController.ts": {"path":"/Users/juandelatorre/Desktop/cashtrackr/backend/src/controllers/AuthController.ts","statementMap":{"0":{"start":{"line":2,"column":0},"end":{"line":2,"column":33}},"1":{"start":{"line":3,"column":0},"end":{"line":3,"column":59}},"2":{"start":{"line":4,"column":0},"end":{"line":4,"column":46}},"3":{"start":{"line":5,"column":0},"end":{"line":5,"column":47}},"4":{"start":{"line":6,"column":0},"end":{"line":6,"column":42}},"5":{"start":{"line":9,"column":27},"end":{"line":42,"column":5}},"6":{"start":{"line":11,"column":36},"end":{"line":11,"column":44}},"7":{"start":{"line":14,"column":27},"end":{"line":14,"column":63}},"8":{"start":{"line":15,"column":8},"end":{"line":18,"column":9}},"9":{"start":{"line":16,"column":26},"end":{"line":16,"column":82}},"10":{"start":{"line":17,"column":12},"end":{"line":17,"column":null}},"11":{"start":{"line":20,"column":8},"end":{"line":41,"column":9}},"12":{"start":{"line":21,"column":25},"end":{"line":21,"column":52}},"13":{"start":{"line":22,"column":12},"end":{"line":22,"column":null}},"14":{"start":{"line":23,"column":26},"end":{"line":23,"column":41}},"15":{"start":{"line":24,"column":12},"end":{"line":24,"column":31}},"16":{"start":{"line":26,"column":12},"end":{"line":28,"column":13}},"17":{"start":{"line":27,"column":16},"end":{"line":27,"column":null}},"18":{"start":{"line":30,"column":12},"end":{"line":30,"column":null}},"19":{"start":{"line":31,"column":12},"end":{"line":35,"column":null}},"20":{"start":{"line":37,"column":12},"end":{"line":37,"column":null}},"21":{"start":{"line":40,"column":12},"end":{"line":40,"column":null}},"22":{"start":{"line":44,"column":28},"end":{"line":57,"column":5}},"23":{"start":{"line":45,"column":26},"end":{"line":45,"column":34}},"24":{"start":{"line":47,"column":21},"end":{"line":47,"column":59}},"25":{"start":{"line":48,"column":8},"end":{"line":51,"column":9}},"26":{"start":{"line":49,"column":26},"end":{"line":49,"column":54}},"27":{"start":{"line":50,"column":12},"end":{"line":50,"column":null}},"28":{"start":{"line":52,"column":8},"end":{"line":52,"column":null}},"29":{"start":{"line":53,"column":8},"end":{"line":53,"column":null}},"30":{"start":{"line":54,"column":8},"end":{"line":54,"column":null}},"31":{"start":{"line":56,"column":8},"end":{"line":56,"column":null}},"32":{"start":{"line":59,"column":19},"end":{"line":82,"column":5}},"33":{"start":{"line":60,"column":36},"end":{"line":60,"column":44}},"34":{"start":{"line":63,"column":21},"end":{"line":63,"column":56}},"35":{"start":{"line":64,"column":8},"end":{"line":67,"column":9}},"36":{"start":{"line":65,"column":26},"end":{"line":65,"column":60}},"37":{"start":{"line":66,"column":12},"end":{"line":66,"column":null}},"38":{"start":{"line":69,"column":8},"end":{"line":72,"column":9}},"39":{"start":{"line":70,"column":26},"end":{"line":70,"column":70}},"40":{"start":{"line":71,"column":12},"end":{"line":71,"column":null}},"41":{"start":{"line":74,"column":34},"end":{"line":74,"column":78}},"42":{"start":{"line":75,"column":8},"end":{"line":78,"column":9}},"43":{"start":{"line":76,"column":26},"end":{"line":76,"column":58}},"44":{"start":{"line":77,"column":12},"end":{"line":77,"column":null}},"45":{"start":{"line":80,"column":22},"end":{"line":80,"column":42}},"46":{"start":{"line":81,"column":8},"end":{"line":81,"column":null}},"47":{"start":{"line":84,"column":28},"end":{"line":103,"column":5}},"48":{"start":{"line":85,"column":26},"end":{"line":85,"column":34}},"49":{"start":{"line":88,"column":21},"end":{"line":88,"column":56}},"50":{"start":{"line":89,"column":8},"end":{"line":92,"column":9}},"51":{"start":{"line":90,"column":26},"end":{"line":90,"column":60}},"52":{"start":{"line":91,"column":12},"end":{"line":91,"column":null}},"53":{"start":{"line":93,"column":8},"end":{"line":93,"column":null}},"54":{"start":{"line":94,"column":8},"end":{"line":94,"column":null}},"55":{"start":{"line":96,"column":8},"end":{"line":100,"column":null}},"56":{"start":{"line":102,"column":8},"end":{"line":102,"column":null}},"57":{"start":{"line":105,"column":27},"end":{"line":115,"column":5}},"58":{"start":{"line":106,"column":26},"end":{"line":106,"column":34}},"59":{"start":{"line":108,"column":28},"end":{"line":108,"column":64}},"60":{"start":{"line":109,"column":8},"end":{"line":112,"column":9}},"61":{"start":{"line":110,"column":26},"end":{"line":110,"column":54}},"62":{"start":{"line":111,"column":12},"end":{"line":111,"column":null}},"63":{"start":{"line":114,"column":8},"end":{"line":114,"column":null}},"64":{"start":{"line":117,"column":36},"end":{"line":133,"column":5}},"65":{"start":{"line":118,"column":26},"end":{"line":118,"column":36}},"66":{"start":{"line":119,"column":29},"end":{"line":119,"column":37}},"67":{"start":{"line":121,"column":21},"end":{"line":121,"column":57}},"68":{"start":{"line":122,"column":8},"end":{"line":125,"column":9}},"69":{"start":{"line":123,"column":26},"end":{"line":123,"column":54}},"70":{"start":{"line":124,"column":12},"end":{"line":124,"column":null}},"71":{"start":{"line":128,"column":8},"end":{"line":128,"column":null}},"72":{"start":{"line":129,"column":8},"end":{"line":129,"column":null}},"73":{"start":{"line":130,"column":8},"end":{"line":130,"column":null}},"74":{"start":{"line":132,"column":8},"end":{"line":132,"column":null}},"75":{"start":{"line":135,"column":18},"end":{"line":137,"column":5}},"76":{"start":{"line":136,"column":8},"end":{"line":136,"column":null}},"77":{"start":{"line":139,"column":39},"end":{"line":155,"column":5}},"78":{"start":{"line":140,"column":47},"end":{"line":140,"column":55}},"79":{"start":{"line":141,"column":23},"end":{"line":141,"column":31}},"80":{"start":{"line":143,"column":21},"end":{"line":143,"column":44}},"81":{"start":{"line":145,"column":34},"end":{"line":145,"column":86}},"82":{"start":{"line":146,"column":8},"end":{"line":149,"column":9}},"83":{"start":{"line":147,"column":26},"end":{"line":147,"column":71}},"84":{"start":{"line":148,"column":12},"end":{"line":148,"column":null}},"85":{"start":{"line":151,"column":8},"end":{"line":151,"column":null}},"86":{"start":{"line":152,"column":8},"end":{"line":152,"column":null}},"87":{"start":{"line":154,"column":8},"end":{"line":154,"column":null}},"88":{"start":{"line":157,"column":27},"end":{"line":169,"column":5}},"89":{"start":{"line":158,"column":29},"end":{"line":158,"column":37}},"90":{"start":{"line":159,"column":23},"end":{"line":159,"column":31}},"91":{"start":{"line":161,"column":21},"end":{"line":161,"column":44}},"92":{"start":{"line":163,"column":34},"end":{"line":163,"column":78}},"93":{"start":{"line":164,"column":8},"end":{"line":167,"column":9}},"94":{"start":{"line":165,"column":26},"end":{"line":165,"column":71}},"95":{"start":{"line":166,"column":12},"end":{"line":166,"column":null}},"96":{"start":{"line":168,"column":8},"end":{"line":168,"column":null}},"97":{"start":{"line":8,"column":0},"end":{"line":8,"column":13}}},"fnMap":{"0":{"name":"(anonymous_1)","decl":{"start":{"line":9,"column":27},"end":{"line":9,"column":32}},"loc":{"start":{"line":9,"column":65},"end":{"line":42,"column":5}}},"1":{"name":"(anonymous_2)","decl":{"start":{"line":44,"column":28},"end":{"line":44,"column":33}},"loc":{"start":{"line":44,"column":66},"end":{"line":57,"column":5}}},"2":{"name":"(anonymous_3)","decl":{"start":{"line":59,"column":19},"end":{"line":59,"column":24}},"loc":{"start":{"line":59,"column":57},"end":{"line":82,"column":5}}},"3":{"name":"(anonymous_4)","decl":{"start":{"line":84,"column":28},"end":{"line":84,"column":33}},"loc":{"start":{"line":84,"column":66},"end":{"line":103,"column":5}}},"4":{"name":"(anonymous_5)","decl":{"start":{"line":105,"column":27},"end":{"line":105,"column":32}},"loc":{"start":{"line":105,"column":65},"end":{"line":115,"column":5}}},"5":{"name":"(anonymous_6)","decl":{"start":{"line":117,"column":36},"end":{"line":117,"column":41}},"loc":{"start":{"line":117,"column":74},"end":{"line":133,"column":5}}},"6":{"name":"(anonymous_7)","decl":{"start":{"line":135,"column":18},"end":{"line":135,"column":23}},"loc":{"start":{"line":135,"column":56},"end":{"line":137,"column":5}}},"7":{"name":"(anonymous_8)","decl":{"start":{"line":139,"column":39},"end":{"line":139,"column":44}},"loc":{"start":{"line":139,"column":77},"end":{"line":155,"column":5}}},"8":{"name":"(anonymous_9)","decl":{"start":{"line":157,"column":27},"end":{"line":157,"column":32}},"loc":{"start":{"line":157,"column":65},"end":{"line":169,"column":5}}}},"branchMap":{"0":{"loc":{"start":{"line":15,"column":8},"end":{"line":18,"column":9}},"type":"if","locations":[{"start":{"line":15,"column":8},"end":{"line":18,"column":9}}]},"1":{"loc":{"start":{"line":26,"column":12},"end":{"line":28,"column":13}},"type":"if","locations":[{"start":{"line":26,"column":12},"end":{"line":28,"column":13}}]},"2":{"loc":{"start":{"line":48,"column":8},"end":{"line":51,"column":9}},"type":"if","locations":[{"start":{"line":48,"column":8},"end":{"line":51,"column":9}}]},"3":{"loc":{"start":{"line":64,"column":8},"end":{"line":67,"column":9}},"type":"if","locations":[{"start":{"line":64,"column":8},"end":{"line":67,"column":9}}]},"4":{"loc":{"start":{"line":69,"column":8},"end":{"line":72,"column":9}},"type":"if","locations":[{"start":{"line":69,"column":8},"end":{"line":72,"column":9}}]},"5":{"loc":{"start":{"line":75,"column":8},"end":{"line":78,"column":9}},"type":"if","locations":[{"start":{"line":75,"column":8},"end":{"line":78,"column":9}}]},"6":{"loc":{"start":{"line":89,"column":8},"end":{"line":92,"column":9}},"type":"if","locations":[{"start":{"line":89,"column":8},"end":{"line":92,"column":9}}]},"7":{"loc":{"start":{"line":109,"column":8},"end":{"line":112,"column":9}},"type":"if","locations":[{"start":{"line":109,"column":8},"end":{"line":112,"column":9}}]},"8":{"loc":{"start":{"line":122,"column":8},"end":{"line":125,"column":9}},"type":"if","locations":[{"start":{"line":122,"column":8},"end":{"line":125,"column":9}}]},"9":{"loc":{"start":{"line":146,"column":8},"end":{"line":149,"column":9}},"type":"if","locations":[{"start":{"line":146,"column":8},"end":{"line":149,"column":9}}]},"10":{"loc":{"start":{"line":164,"column":8},"end":{"line":167,"column":9}},"type":"if","locations":[{"start":{"line":164,"column":8},"end":{"line":167,"column":9}}]}},"s":{"0":2,"1":2,"2":2,"3":2,"4":2,"5":2,"6":5,"7":5,"8":5,"9":3,"10":3,"11":2,"12":2,"13":2,"14":2,"15":2,"16":2,"17":2,"18":2,"19":2,"20":2,"21":0,"22":2,"23":2,"24":2,"25":2,"26":1,"27":1,"28":1,"29":1,"30":1,"31":1,"32":2,"33":14,"34":14,"35":14,"36":2,"37":2,"38":12,"39":3,"40":3,"41":9,"42":9,"43":2,"44":2,"45":7,"46":7,"47":2,"48":0,"49":0,"50":0,"51":0,"52":0,"53":0,"54":0,"55":0,"56":0,"57":2,"58":0,"59":0,"60":0,"61":0,"62":0,"63":0,"64":2,"65":0,"66":0,"67":0,"68":0,"69":0,"70":0,"71":0,"72":0,"73":0,"74":0,"75":2,"76":0,"77":2,"78":0,"79":0,"80":0,"81":0,"82":0,"83":0,"84":0,"85":0,"86":0,"87":0,"88":2,"89":0,"90":0,"91":0,"92":0,"93":0,"94":0,"95":0,"96":0,"97":2},"f":{"0":5,"1":2,"2":14,"3":0,"4":0,"5":0,"6":0,"7":0,"8":0},"b":{"0":[3],"1":[2],"2":[1],"3":[2],"4":[3],"5":[2],"6":[0],"7":[0],"8":[0],"9":[0],"10":[0]}}
,"/Users/juandelatorre/Desktop/cashtrackr/backend/src/controllers/BudgetController.ts": {"path":"/Users/juandelatorre/Desktop/cashtrackr/backend/src/controllers/BudgetController.ts","statementMap":{"0":{"start":{"line":2,"column":0},"end":{"line":2,"column":37}},"1":{"start":{"line":3,"column":0},"end":{"line":3,"column":39}},"2":{"start":{"line":6,"column":20},"end":{"line":21,"column":5}},"3":{"start":{"line":7,"column":8},"end":{"line":20,"column":9}},"4":{"start":{"line":8,"column":28},"end":{"line":15,"column":14}},"5":{"start":{"line":16,"column":12},"end":{"line":16,"column":null}},"6":{"start":{"line":19,"column":12},"end":{"line":19,"column":null}},"7":{"start":{"line":23,"column":20},"end":{"line":33,"column":5}},"8":{"start":{"line":24,"column":8},"end":{"line":32,"column":9}},"9":{"start":{"line":25,"column":27},"end":{"line":25,"column":56}},"10":{"start":{"line":26,"column":12},"end":{"line":26,"column":null}},"11":{"start":{"line":27,"column":12},"end":{"line":27,"column":null}},"12":{"start":{"line":28,"column":12},"end":{"line":28,"column":null}},"13":{"start":{"line":31,"column":12},"end":{"line":31,"column":null}},"14":{"start":{"line":35,"column":21},"end":{"line":40,"column":5}},"15":{"start":{"line":36,"column":23},"end":{"line":38,"column":10}},"16":{"start":{"line":39,"column":8},"end":{"line":39,"column":null}},"17":{"start":{"line":42,"column":24},"end":{"line":45,"column":5}},"18":{"start":{"line":43,"column":8},"end":{"line":43,"column":null}},"19":{"start":{"line":44,"column":8},"end":{"line":44,"column":null}},"20":{"start":{"line":47,"column":24},"end":{"line":50,"column":5}},"21":{"start":{"line":48,"column":8},"end":{"line":48,"column":null}},"22":{"start":{"line":49,"column":8},"end":{"line":49,"column":null}},"23":{"start":{"line":5,"column":0},"end":{"line":5,"column":13}}},"fnMap":{"0":{"name":"(anonymous_1)","decl":{"start":{"line":6,"column":20},"end":{"line":6,"column":25}},"loc":{"start":{"line":6,"column":58},"end":{"line":21,"column":5}}},"1":{"name":"(anonymous_2)","decl":{"start":{"line":23,"column":20},"end":{"line":23,"column":25}},"loc":{"start":{"line":23,"column":58},"end":{"line":33,"column":5}}},"2":{"name":"(anonymous_3)","decl":{"start":{"line":35,"column":21},"end":{"line":35,"column":26}},"loc":{"start":{"line":35,"column":59},"end":{"line":40,"column":5}}},"3":{"name":"(anonymous_4)","decl":{"start":{"line":42,"column":24},"end":{"line":42,"column":29}},"loc":{"start":{"line":42,"column":62},"end":{"line":45,"column":5}}},"4":{"name":"(anonymous_5)","decl":{"start":{"line":47,"column":24},"end":{"line":47,"column":29}},"loc":{"start":{"line":47,"column":62},"end":{"line":50,"column":5}}}},"branchMap":{},"s":{"0":2,"1":2,"2":2,"3":5,"4":5,"5":4,"6":1,"7":2,"8":3,"9":3,"10":2,"11":2,"12":2,"13":1,"14":2,"15":4,"16":4,"17":2,"18":2,"19":2,"20":2,"21":2,"22":2,"23":2},"f":{"0":5,"1":3,"2":4,"3":2,"4":2},"b":{}}
,"/Users/juandelatorre/Desktop/cashtrackr/backend/src/controllers/ExpenseController.ts": {"path":"/Users/juandelatorre/Desktop/cashtrackr/backend/src/controllers/ExpenseController.ts","statementMap":{"0":{"start":{"line":2,"column":0},"end":{"line":2,"column":39}},"1":{"start":{"line":6,"column":20},"end":{"line":16,"column":5}},"2":{"start":{"line":7,"column":8},"end":{"line":15,"column":9}},"3":{"start":{"line":8,"column":28},"end":{"line":8,"column":58}},"4":{"start":{"line":9,"column":12},"end":{"line":9,"column":null}},"5":{"start":{"line":10,"column":12},"end":{"line":10,"column":null}},"6":{"start":{"line":11,"column":12},"end":{"line":11,"column":null}},"7":{"start":{"line":14,"column":12},"end":{"line":14,"column":null}},"8":{"start":{"line":18,"column":21},"end":{"line":20,"column":5}},"9":{"start":{"line":19,"column":8},"end":{"line":19,"column":null}},"10":{"start":{"line":22,"column":24},"end":{"line":25,"column":5}},"11":{"start":{"line":23,"column":8},"end":{"line":23,"column":null}},"12":{"start":{"line":24,"column":8},"end":{"line":24,"column":null}},"13":{"start":{"line":27,"column":24},"end":{"line":30,"column":5}},"14":{"start":{"line":28,"column":8},"end":{"line":28,"column":null}},"15":{"start":{"line":29,"column":8},"end":{"line":29,"column":null}},"16":{"start":{"line":5,"column":0},"end":{"line":5,"column":13}}},"fnMap":{"0":{"name":"(anonymous_1)","decl":{"start":{"line":6,"column":20},"end":{"line":6,"column":25}},"loc":{"start":{"line":6,"column":58},"end":{"line":16,"column":5}}},"1":{"name":"(anonymous_2)","decl":{"start":{"line":18,"column":21},"end":{"line":18,"column":26}},"loc":{"start":{"line":18,"column":59},"end":{"line":20,"column":5}}},"2":{"name":"(anonymous_3)","decl":{"start":{"line":22,"column":24},"end":{"line":22,"column":29}},"loc":{"start":{"line":22,"column":62},"end":{"line":25,"column":5}}},"3":{"name":"(anonymous_4)","decl":{"start":{"line":27,"column":24},"end":{"line":27,"column":29}},"loc":{"start":{"line":27,"column":62},"end":{"line":30,"column":5}}}},"branchMap":{},"s":{"0":2,"1":2,"2":2,"3":2,"4":1,"5":1,"6":1,"7":1,"8":2,"9":1,"10":2,"11":1,"12":1,"13":2,"14":1,"15":1,"16":2},"f":{"0":2,"1":1,"2":1,"3":1},"b":{}}
,"/Users/juandelatorre/Desktop/cashtrackr/backend/src/emails/AuthEmail.ts": {"path":"/Users/juandelatorre/Desktop/cashtrackr/backend/src/emails/AuthEmail.ts","statementMap":{"0":{"start":{"line":1,"column":0},"end":{"line":1,"column":48}},"1":{"start":{"line":10,"column":35},"end":{"line":22,"column":5}},"2":{"start":{"line":11,"column":22},"end":{"line":19,"column":10}},"3":{"start":{"line":24,"column":36},"end":{"line":36,"column":5}},"4":{"start":{"line":25,"column":22},"end":{"line":33,"column":10}},"5":{"start":{"line":9,"column":0},"end":{"line":9,"column":13}}},"fnMap":{"0":{"name":"(anonymous_0)","decl":{"start":{"line":10,"column":35},"end":{"line":10,"column":40}},"loc":{"start":{"line":10,"column":61},"end":{"line":22,"column":5}}},"1":{"name":"(anonymous_1)","decl":{"start":{"line":24,"column":36},"end":{"line":24,"column":41}},"loc":{"start":{"line":24,"column":62},"end":{"line":36,"column":5}}}},"branchMap":{},"s":{"0":2,"1":2,"2":1,"3":2,"4":0,"5":2},"f":{"0":1,"1":0},"b":{}}
,"/Users/juandelatorre/Desktop/cashtrackr/backend/src/middleware/auth.ts": {"path":"/Users/juandelatorre/Desktop/cashtrackr/backend/src/middleware/auth.ts","statementMap":{"0":{"start":{"line":2,"column":0},"end":{"line":2,"column":30}},"1":{"start":{"line":3,"column":0},"end":{"line":3,"column":33}},"2":{"start":{"line":13,"column":28},"end":{"line":39,"column":1}},"3":{"start":{"line":14,"column":19},"end":{"line":14,"column":44}},"4":{"start":{"line":16,"column":8},"end":{"line":19,"column":9}},"5":{"start":{"line":17,"column":26},"end":{"line":17,"column":52}},"6":{"start":{"line":18,"column":12},"end":{"line":18,"column":null}},"7":{"start":{"line":21,"column":27},"end":{"line":21,"column":44}},"8":{"start":{"line":22,"column":8},"end":{"line":25,"column":9}},"9":{"start":{"line":23,"column":26},"end":{"line":23,"column":54}},"10":{"start":{"line":24,"column":12},"end":{"line":24,"column":null}},"11":{"start":{"line":27,"column":8},"end":{"line":37,"column":9}},"12":{"start":{"line":28,"column":28},"end":{"line":28,"column":69}},"13":{"start":{"line":29,"column":12},"end":{"line":34,"column":13}},"14":{"start":{"line":30,"column":16},"end":{"line":32,"column":null}},"15":{"start":{"line":33,"column":16},"end":{"line":33,"column":null}},"16":{"start":{"line":36,"column":12},"end":{"line":36,"column":null}},"17":{"start":{"line":13,"column":13},"end":{"line":13,"column":28}}},"fnMap":{"0":{"name":"(anonymous_1)","decl":{"start":{"line":13,"column":28},"end":{"line":13,"column":33}},"loc":{"start":{"line":13,"column":86},"end":{"line":39,"column":1}}}},"branchMap":{"0":{"loc":{"start":{"line":16,"column":8},"end":{"line":19,"column":9}},"type":"if","locations":[{"start":{"line":16,"column":8},"end":{"line":19,"column":9}}]},"1":{"loc":{"start":{"line":22,"column":8},"end":{"line":25,"column":9}},"type":"if","locations":[{"start":{"line":22,"column":8},"end":{"line":25,"column":9}}]},"2":{"loc":{"start":{"line":29,"column":12},"end":{"line":34,"column":13}},"type":"if","locations":[{"start":{"line":29,"column":12},"end":{"line":34,"column":13}}]},"3":{"loc":{"start":{"line":29,"column":15},"end":{"line":29,"column":56}},"type":"binary-expr","locations":[{"start":{"line":29,"column":15},"end":{"line":29,"column":42}},{"start":{"line":29,"column":46},"end":{"line":29,"column":56}}]}},"s":{"0":1,"1":1,"2":1,"3":16,"4":16,"5":5,"6":5,"7":11,"8":11,"9":0,"10":0,"11":11,"12":11,"13":10,"14":10,"15":10,"16":1,"17":1},"f":{"0":16},"b":{"0":[5],"1":[0],"2":[10],"3":[10,10]}}
,"/Users/juandelatorre/Desktop/cashtrackr/backend/src/middleware/budget.ts": {"path":"/Users/juandelatorre/Desktop/cashtrackr/backend/src/middleware/budget.ts","statementMap":{"0":{"start":{"line":2,"column":0},"end":{"line":2,"column":65}},"1":{"start":{"line":3,"column":0},"end":{"line":3,"column":37}},"2":{"start":{"line":13,"column":32},"end":{"line":25,"column":1}},"3":{"start":{"line":14,"column":4},"end":{"line":17,"column":null}},"4":{"start":{"line":16,"column":29},"end":{"line":16,"column":38}},"5":{"start":{"line":19,"column":17},"end":{"line":19,"column":38}},"6":{"start":{"line":21,"column":4},"end":{"line":23,"column":5}},"7":{"start":{"line":22,"column":8},"end":{"line":22,"column":null}},"8":{"start":{"line":24,"column":4},"end":{"line":24,"column":null}},"9":{"start":{"line":13,"column":13},"end":{"line":13,"column":32}},"10":{"start":{"line":27,"column":36},"end":{"line":42,"column":1}},"11":{"start":{"line":28,"column":4},"end":{"line":41,"column":5}},"12":{"start":{"line":29,"column":29},"end":{"line":29,"column":39}},"13":{"start":{"line":30,"column":23},"end":{"line":30,"column":54}},"14":{"start":{"line":32,"column":8},"end":{"line":35,"column":9}},"15":{"start":{"line":33,"column":26},"end":{"line":33,"column":64}},"16":{"start":{"line":34,"column":12},"end":{"line":34,"column":null}},"17":{"start":{"line":36,"column":8},"end":{"line":36,"column":null}},"18":{"start":{"line":37,"column":8},"end":{"line":37,"column":null}},"19":{"start":{"line":40,"column":8},"end":{"line":40,"column":null}},"20":{"start":{"line":27,"column":13},"end":{"line":27,"column":36}},"21":{"start":{"line":44,"column":35},"end":{"line":55,"column":1}},"22":{"start":{"line":46,"column":4},"end":{"line":47,"column":null}},"23":{"start":{"line":49,"column":4},"end":{"line":52,"column":null}},"24":{"start":{"line":52,"column":25},"end":{"line":52,"column":34}},"25":{"start":{"line":54,"column":4},"end":{"line":54,"column":null}},"26":{"start":{"line":44,"column":13},"end":{"line":44,"column":35}},"27":{"start":{"line":58,"column":4},"end":{"line":61,"column":5}},"28":{"start":{"line":59,"column":22},"end":{"line":59,"column":51}},"29":{"start":{"line":60,"column":8},"end":{"line":60,"column":null}},"30":{"start":{"line":62,"column":4},"end":{"line":62,"column":null}},"31":{"start":{"line":57,"column":0},"end":{"line":57,"column":16}}},"fnMap":{"0":{"name":"(anonymous_1)","decl":{"start":{"line":13,"column":32},"end":{"line":13,"column":37}},"loc":{"start":{"line":13,"column":90},"end":{"line":25,"column":1}}},"1":{"name":"(anonymous_2)","decl":{"start":{"line":16,"column":20},"end":{"line":16,"column":25}},"loc":{"start":{"line":16,"column":29},"end":{"line":16,"column":38}}},"2":{"name":"(anonymous_3)","decl":{"start":{"line":27,"column":36},"end":{"line":27,"column":41}},"loc":{"start":{"line":27,"column":94},"end":{"line":42,"column":1}}},"3":{"name":"(anonymous_4)","decl":{"start":{"line":44,"column":35},"end":{"line":44,"column":40}},"loc":{"start":{"line":44,"column":93},"end":{"line":55,"column":1}}},"4":{"name":"(anonymous_5)","decl":{"start":{"line":52,"column":16},"end":{"line":52,"column":21}},"loc":{"start":{"line":52,"column":25},"end":{"line":52,"column":34}}},"5":{"name":"hasAccess","decl":{"start":{"line":57,"column":16},"end":{"line":57,"column":25}},"loc":{"start":{"line":57,"column":73},"end":{"line":63,"column":1}}}},"branchMap":{"0":{"loc":{"start":{"line":21,"column":4},"end":{"line":23,"column":5}},"type":"if","locations":[{"start":{"line":21,"column":4},"end":{"line":23,"column":5}}]},"1":{"loc":{"start":{"line":32,"column":8},"end":{"line":35,"column":9}},"type":"if","locations":[{"start":{"line":32,"column":8},"end":{"line":35,"column":9}}]},"2":{"loc":{"start":{"line":58,"column":4},"end":{"line":61,"column":5}},"type":"if","locations":[{"start":{"line":58,"column":4},"end":{"line":61,"column":5}}]}},"s":{"0":3,"1":3,"2":3,"3":7,"4":6,"5":7,"6":7,"7":1,"8":6,"9":3,"10":3,"11":9,"12":9,"13":9,"14":8,"15":3,"16":3,"17":5,"18":5,"19":1,"20":3,"21":3,"22":4,"23":4,"24":4,"25":4,"26":3,"27":7,"28":2,"29":2,"30":5,"31":3},"f":{"0":7,"1":6,"2":9,"3":4,"4":4,"5":7},"b":{"0":[1],"1":[3],"2":[2]}}
,"/Users/juandelatorre/Desktop/cashtrackr/backend/src/middleware/expense.ts": {"path":"/Users/juandelatorre/Desktop/cashtrackr/backend/src/middleware/expense.ts","statementMap":{"0":{"start":{"line":2,"column":0},"end":{"line":2,"column":65}},"1":{"start":{"line":3,"column":0},"end":{"line":3,"column":39}},"2":{"start":{"line":13,"column":36},"end":{"line":24,"column":1}},"3":{"start":{"line":15,"column":4},"end":{"line":16,"column":null}},"4":{"start":{"line":18,"column":4},"end":{"line":21,"column":null}},"5":{"start":{"line":21,"column":25},"end":{"line":21,"column":34}},"6":{"start":{"line":23,"column":4},"end":{"line":23,"column":null}},"7":{"start":{"line":13,"column":13},"end":{"line":13,"column":36}},"8":{"start":{"line":26,"column":33},"end":{"line":36,"column":1}},"9":{"start":{"line":27,"column":4},"end":{"line":29,"column":null}},"10":{"start":{"line":27,"column":53},"end":{"line":27,"column":62}},"11":{"start":{"line":31,"column":17},"end":{"line":31,"column":38}},"12":{"start":{"line":32,"column":4},"end":{"line":34,"column":5}},"13":{"start":{"line":33,"column":8},"end":{"line":33,"column":null}},"14":{"start":{"line":35,"column":4},"end":{"line":35,"column":null}},"15":{"start":{"line":26,"column":13},"end":{"line":26,"column":33}},"16":{"start":{"line":38,"column":37},"end":{"line":53,"column":1}},"17":{"start":{"line":39,"column":4},"end":{"line":52,"column":5}},"18":{"start":{"line":40,"column":30},"end":{"line":40,"column":40}},"19":{"start":{"line":41,"column":24},"end":{"line":41,"column":57}},"20":{"start":{"line":43,"column":8},"end":{"line":46,"column":9}},"21":{"start":{"line":44,"column":26},"end":{"line":44,"column":58}},"22":{"start":{"line":45,"column":12},"end":{"line":45,"column":null}},"23":{"start":{"line":47,"column":8},"end":{"line":47,"column":null}},"24":{"start":{"line":48,"column":8},"end":{"line":48,"column":null}},"25":{"start":{"line":51,"column":8},"end":{"line":51,"column":null}},"26":{"start":{"line":38,"column":13},"end":{"line":38,"column":37}}},"fnMap":{"0":{"name":"(anonymous_1)","decl":{"start":{"line":13,"column":36},"end":{"line":13,"column":41}},"loc":{"start":{"line":13,"column":94},"end":{"line":24,"column":1}}},"1":{"name":"(anonymous_2)","decl":{"start":{"line":21,"column":16},"end":{"line":21,"column":21}},"loc":{"start":{"line":21,"column":25},"end":{"line":21,"column":34}}},"2":{"name":"(anonymous_3)","decl":{"start":{"line":26,"column":33},"end":{"line":26,"column":38}},"loc":{"start":{"line":26,"column":91},"end":{"line":36,"column":1}}},"3":{"name":"(anonymous_4)","decl":{"start":{"line":27,"column":44},"end":{"line":27,"column":49}},"loc":{"start":{"line":27,"column":53},"end":{"line":27,"column":62}}},"4":{"name":"(anonymous_5)","decl":{"start":{"line":38,"column":37},"end":{"line":38,"column":42}},"loc":{"start":{"line":38,"column":95},"end":{"line":53,"column":1}}}},"branchMap":{"0":{"loc":{"start":{"line":32,"column":4},"end":{"line":34,"column":5}},"type":"if","locations":[{"start":{"line":32,"column":4},"end":{"line":34,"column":5}}]},"1":{"loc":{"start":{"line":43,"column":8},"end":{"line":46,"column":9}},"type":"if","locations":[{"start":{"line":43,"column":8},"end":{"line":46,"column":9}}]}},"s":{"0":2,"1":2,"2":2,"3":0,"4":0,"5":0,"6":0,"7":2,"8":2,"9":0,"10":0,"11":0,"12":0,"13":0,"14":0,"15":2,"16":2,"17":3,"18":3,"19":3,"20":2,"21":1,"22":1,"23":1,"24":1,"25":1,"26":2},"f":{"0":0,"1":0,"2":0,"3":0,"4":3},"b":{"0":[0],"1":[1]}}
,"/Users/juandelatorre/Desktop/cashtrackr/backend/src/middleware/validation.ts": {"path":"/Users/juandelatorre/Desktop/cashtrackr/backend/src/middleware/validation.ts","statementMap":{"0":{"start":{"line":2,"column":0},"end":{"line":2,"column":52}},"1":{"start":{"line":4,"column":33},"end":{"line":10,"column":1}},"2":{"start":{"line":5,"column":17},"end":{"line":5,"column":38}},"3":{"start":{"line":6,"column":4},"end":{"line":8,"column":5}},"4":{"start":{"line":7,"column":8},"end":{"line":7,"column":null}},"5":{"start":{"line":9,"column":4},"end":{"line":9,"column":null}},"6":{"start":{"line":4,"column":13},"end":{"line":4,"column":33}}},"fnMap":{"0":{"name":"(anonymous_0)","decl":{"start":{"line":4,"column":33},"end":{"line":4,"column":34}},"loc":{"start":{"line":4,"column":85},"end":{"line":10,"column":1}}}},"branchMap":{"0":{"loc":{"start":{"line":6,"column":4},"end":{"line":8,"column":5}},"type":"if","locations":[{"start":{"line":6,"column":4},"end":{"line":8,"column":5}}]}},"s":{"0":1,"1":1,"2":25,"3":25,"4":8,"5":17,"6":1},"f":{"0":25},"b":{"0":[8]}}
,"/Users/juandelatorre/Desktop/cashtrackr/backend/src/models/Budget.ts": {"path":"/Users/juandelatorre/Desktop/cashtrackr/backend/src/models/Budget.ts","statementMap":{"0":{"start":{"line":1,"column":0},"end":{"line":1,"column":112}},"1":{"start":{"line":2,"column":0},"end":{"line":2,"column":31}},"2":{"start":{"line":3,"column":0},"end":{"line":3,"column":25}},"3":{"start":{"line":9,"column":0},"end":{"line":33,"column":null}},"4":{"start":{"line":14,"column":12},"end":{"line":14,"column":null}},"5":{"start":{"line":20,"column":12},"end":{"line":20,"column":null}},"6":{"start":{"line":26,"column":12},"end":{"line":26,"column":null}},"7":{"start":{"line":22,"column":20},"end":{"line":22,"column":27}},"8":{"start":{"line":29,"column":12},"end":{"line":29,"column":null}},"9":{"start":{"line":28,"column":22},"end":{"line":28,"column":26}},"10":{"start":{"line":32,"column":12},"end":{"line":32,"column":null}},"11":{"start":{"line":31,"column":21},"end":{"line":31,"column":25}},"12":{"start":{"line":9,"column":6},"end":{"line":33,"column":null}},"13":{"start":{"line":35,"column":0},"end":{"line":35,"column":null}}},"fnMap":{"0":{"name":"(anonymous_3)","decl":{"start":{"line":22,"column":14},"end":{"line":22,"column":17}},"loc":{"start":{"line":22,"column":20},"end":{"line":22,"column":27}}},"1":{"name":"(anonymous_4)","decl":{"start":{"line":28,"column":16},"end":{"line":28,"column":19}},"loc":{"start":{"line":28,"column":22},"end":{"line":28,"column":26}}},"2":{"name":"(anonymous_5)","decl":{"start":{"line":31,"column":15},"end":{"line":31,"column":18}},"loc":{"start":{"line":31,"column":21},"end":{"line":31,"column":25}}}},"branchMap":{},"s":{"0":3,"1":3,"2":3,"3":3,"4":3,"5":3,"6":3,"7":3,"8":3,"9":2,"10":3,"11":3,"12":3,"13":3},"f":{"0":3,"1":2,"2":3},"b":{}}
,"/Users/juandelatorre/Desktop/cashtrackr/backend/src/models/Expense.ts": {"path":"/Users/juandelatorre/Desktop/cashtrackr/backend/src/models/Expense.ts","statementMap":{"0":{"start":{"line":1,"column":0},"end":{"line":1,"column":103}},"1":{"start":{"line":2,"column":0},"end":{"line":2,"column":29}},"2":{"start":{"line":8,"column":0},"end":{"line":26,"column":null}},"3":{"start":{"line":13,"column":12},"end":{"line":13,"column":null}},"4":{"start":{"line":19,"column":12},"end":{"line":19,"column":null}},"5":{"start":{"line":22,"column":12},"end":{"line":22,"column":null}},"6":{"start":{"line":21,"column":22},"end":{"line":21,"column":28}},"7":{"start":{"line":25,"column":12},"end":{"line":25,"column":null}},"8":{"start":{"line":24,"column":21},"end":{"line":24,"column":27}},"9":{"start":{"line":8,"column":6},"end":{"line":26,"column":null}},"10":{"start":{"line":27,"column":0},"end":{"line":27,"column":null}}},"fnMap":{"0":{"name":"(anonymous_3)","decl":{"start":{"line":21,"column":16},"end":{"line":21,"column":19}},"loc":{"start":{"line":21,"column":22},"end":{"line":21,"column":28}}},"1":{"name":"(anonymous_4)","decl":{"start":{"line":24,"column":15},"end":{"line":24,"column":18}},"loc":{"start":{"line":24,"column":21},"end":{"line":24,"column":27}}}},"branchMap":{},"s":{"0":3,"1":3,"2":3,"3":3,"4":3,"5":3,"6":2,"7":3,"8":2,"9":3,"10":3},"f":{"0":2,"1":2},"b":{}}
,"/Users/juandelatorre/Desktop/cashtrackr/backend/src/models/User.ts": {"path":"/Users/juandelatorre/Desktop/cashtrackr/backend/src/models/User.ts","statementMap":{"0":{"start":{"line":1,"column":0},"end":{"line":1,"column":106}},"1":{"start":{"line":2,"column":0},"end":{"line":2,"column":29}},"2":{"start":{"line":8,"column":0},"end":{"line":44,"column":null}},"3":{"start":{"line":13,"column":12},"end":{"line":13,"column":null}},"4":{"start":{"line":19,"column":12},"end":{"line":19,"column":null}},"5":{"start":{"line":26,"column":12},"end":{"line":26,"column":null}},"6":{"start":{"line":31,"column":12},"end":{"line":31,"column":null}},"7":{"start":{"line":37,"column":12},"end":{"line":37,"column":null}},"8":{"start":{"line":43,"column":12},"end":{"line":43,"column":null}},"9":{"start":{"line":39,"column":19},"end":{"line":39,"column":25}},"10":{"start":{"line":8,"column":6},"end":{"line":44,"column":null}},"11":{"start":{"line":46,"column":0},"end":{"line":46,"column":null}}},"fnMap":{"0":{"name":"(anonymous_3)","decl":{"start":{"line":39,"column":13},"end":{"line":39,"column":16}},"loc":{"start":{"line":39,"column":19},"end":{"line":39,"column":25}}}},"branchMap":{},"s":{"0":3,"1":3,"2":3,"3":3,"4":3,"5":3,"6":3,"7":3,"8":3,"9":2,"10":3,"11":3},"f":{"0":2},"b":{}}
,"/Users/juandelatorre/Desktop/cashtrackr/backend/src/routes/authRouter.ts": {"path":"/Users/juandelatorre/Desktop/cashtrackr/backend/src/routes/authRouter.ts","statementMap":{"0":{"start":{"line":1,"column":0},"end":{"line":1,"column":32}},"1":{"start":{"line":2,"column":0},"end":{"line":2,"column":47}},"2":{"start":{"line":3,"column":0},"end":{"line":3,"column":62}},"3":{"start":{"line":4,"column":0},"end":{"line":4,"column":60}},"4":{"start":{"line":5,"column":0},"end":{"line":5,"column":43}},"5":{"start":{"line":6,"column":0},"end":{"line":6,"column":49}},"6":{"start":{"line":8,"column":15},"end":{"line":8,"column":23}},"7":{"start":{"line":10,"column":0},"end":{"line":10,"column":null}},"8":{"start":{"line":12,"column":0},"end":{"line":21,"column":null}},"9":{"start":{"line":23,"column":0},"end":{"line":29,"column":null}},"10":{"start":{"line":31,"column":0},"end":{"line":38,"column":null}},"11":{"start":{"line":40,"column":0},"end":{"line":45,"column":null}},"12":{"start":{"line":47,"column":0},"end":{"line":54,"column":null}},"13":{"start":{"line":56,"column":0},"end":{"line":65,"column":null}},"14":{"start":{"line":67,"column":0},"end":{"line":70,"column":null}},"15":{"start":{"line":72,"column":0},"end":{"line":80,"column":null}},"16":{"start":{"line":82,"column":0},"end":{"line":88,"column":null}},"17":{"start":{"line":91,"column":0},"end":{"line":91,"column":null}}},"fnMap":{},"branchMap":{},"s":{"0":1,"1":1,"2":1,"3":1,"4":1,"5":1,"6":1,"7":1,"8":1,"9":1,"10":1,"11":1,"12":1,"13":1,"14":1,"15":1,"16":1,"17":1},"f":{},"b":{}}
,"/Users/juandelatorre/Desktop/cashtrackr/backend/src/routes/budgetRouter.ts": {"path":"/Users/juandelatorre/Desktop/cashtrackr/backend/src/routes/budgetRouter.ts","statementMap":{"0":{"start":{"line":1,"column":0},"end":{"line":1,"column":32}},"1":{"start":{"line":2,"column":0},"end":{"line":2,"column":66}},"2":{"start":{"line":3,"column":0},"end":{"line":3,"column":69}},"3":{"start":{"line":4,"column":0},"end":{"line":4,"column":60}},"4":{"start":{"line":5,"column":0},"end":{"line":5,"column":109}},"5":{"start":{"line":6,"column":0},"end":{"line":6,"column":102}},"6":{"start":{"line":7,"column":0},"end":{"line":7,"column":49}},"7":{"start":{"line":9,"column":15},"end":{"line":9,"column":23}},"8":{"start":{"line":11,"column":0},"end":{"line":11,"column":null}},"9":{"start":{"line":13,"column":0},"end":{"line":13,"column":null}},"10":{"start":{"line":14,"column":0},"end":{"line":14,"column":null}},"11":{"start":{"line":15,"column":0},"end":{"line":15,"column":null}},"12":{"start":{"line":17,"column":0},"end":{"line":17,"column":null}},"13":{"start":{"line":18,"column":0},"end":{"line":18,"column":null}},"14":{"start":{"line":20,"column":0},"end":{"line":20,"column":null}},"15":{"start":{"line":22,"column":0},"end":{"line":26,"column":null}},"16":{"start":{"line":28,"column":0},"end":{"line":28,"column":null}},"17":{"start":{"line":30,"column":0},"end":{"line":34,"column":null}},"18":{"start":{"line":36,"column":0},"end":{"line":36,"column":null}},"19":{"start":{"line":39,"column":0},"end":{"line":43,"column":null}},"20":{"start":{"line":44,"column":0},"end":{"line":44,"column":null}},"21":{"start":{"line":45,"column":0},"end":{"line":49,"column":null}},"22":{"start":{"line":50,"column":0},"end":{"line":50,"column":null}},"23":{"start":{"line":53,"column":0},"end":{"line":53,"column":null}}},"fnMap":{},"branchMap":{},"s":{"0":1,"1":1,"2":1,"3":1,"4":1,"5":1,"6":1,"7":1,"8":1,"9":1,"10":1,"11":1,"12":1,"13":1,"14":1,"15":1,"16":1,"17":1,"18":1,"19":1,"20":1,"21":1,"22":1,"23":1},"f":{},"b":{}}
,"/Users/juandelatorre/Desktop/cashtrackr/backend/src/tests/mocks/budgets.ts": {"path":"/Users/juandelatorre/Desktop/cashtrackr/backend/src/tests/mocks/budgets.ts","statementMap":{"0":{"start":{"line":1,"column":13},"end":{"line":71,"column":2}}},"fnMap":{},"branchMap":{},"s":{"0":3},"f":{},"b":{}}
,"/Users/juandelatorre/Desktop/cashtrackr/backend/src/tests/mocks/expenses.ts": {"path":"/Users/juandelatorre/Desktop/cashtrackr/backend/src/tests/mocks/expenses.ts","statementMap":{"0":{"start":{"line":1,"column":13},"end":{"line":26,"column":null}}},"fnMap":{},"branchMap":{},"s":{"0":2},"f":{},"b":{}}
,"/Users/juandelatorre/Desktop/cashtrackr/backend/src/utils/auth.ts": {"path":"/Users/juandelatorre/Desktop/cashtrackr/backend/src/utils/auth.ts","statementMap":{"0":{"start":{"line":1,"column":0},"end":{"line":1,"column":27}},"1":{"start":{"line":3,"column":28},"end":{"line":6,"column":1}},"2":{"start":{"line":4,"column":17},"end":{"line":4,"column":41}},"3":{"start":{"line":5,"column":4},"end":{"line":5,"column":null}},"4":{"start":{"line":3,"column":13},"end":{"line":3,"column":28}},"5":{"start":{"line":8,"column":29},"end":{"line":10,"column":1}},"6":{"start":{"line":9,"column":4},"end":{"line":9,"column":null}},"7":{"start":{"line":8,"column":13},"end":{"line":8,"column":29}}},"fnMap":{"0":{"name":"(anonymous_1)","decl":{"start":{"line":3,"column":28},"end":{"line":3,"column":33}},"loc":{"start":{"line":3,"column":55},"end":{"line":6,"column":1}}},"1":{"name":"(anonymous_2)","decl":{"start":{"line":8,"column":29},"end":{"line":8,"column":34}},"loc":{"start":{"line":8,"column":70},"end":{"line":10,"column":1}}}},"branchMap":{},"s":{"0":2,"1":2,"2":1,"3":1,"4":2,"5":2,"6":5,"7":2},"f":{"0":1,"1":5},"b":{}}
,"/Users/juandelatorre/Desktop/cashtrackr/backend/src/utils/jwt.ts": {"path":"/Users/juandelatorre/Desktop/cashtrackr/backend/src/utils/jwt.ts","statementMap":{"0":{"start":{"line":1,"column":0},"end":{"line":1,"column":30}},"1":{"start":{"line":3,"column":27},"end":{"line":8,"column":1}},"2":{"start":{"line":4,"column":18},"end":{"line":6,"column":6}},"3":{"start":{"line":7,"column":4},"end":{"line":7,"column":null}},"4":{"start":{"line":3,"column":13},"end":{"line":3,"column":27}}},"fnMap":{"0":{"name":"(anonymous_1)","decl":{"start":{"line":3,"column":27},"end":{"line":3,"column":28}},"loc":{"start":{"line":3,"column":52},"end":{"line":8,"column":1}}}},"branchMap":{},"s":{"0":2,"1":2,"2":5,"3":5,"4":2},"f":{"0":5},"b":{}}
,"/Users/juandelatorre/Desktop/cashtrackr/backend/src/utils/token.ts": {"path":"/Users/juandelatorre/Desktop/cashtrackr/backend/src/utils/token.ts","statementMap":{"0":{"start":{"line":1,"column":29},"end":{"line":1,"column":89}},"1":{"start":{"line":1,"column":35},"end":{"line":1,"column":89}},"2":{"start":{"line":1,"column":13},"end":{"line":1,"column":29}}},"fnMap":{"0":{"name":"(anonymous_0)","decl":{"start":{"line":1,"column":29},"end":{"line":1,"column":32}},"loc":{"start":{"line":1,"column":35},"end":{"line":1,"column":89}}}},"branchMap":{},"s":{"0":2,"1":1,"2":2},"f":{"0":1},"b":{}}
}
