TN:
SF:src/server.ts
FN:8,connectDB
FNF:1
FNH:1
FNDA:1,connectDB
DA:1,1
DA:3,1
DA:4,1
DA:5,1
DA:6,1
DA:8,1
DA:9,1
DA:10,1
DA:11,1
DA:18,1
DA:20,1
DA:22,1
DA:24,1
DA:26,1
DA:27,1
DA:29,1
LF:16
LH:16
BRF:0
BRH:0
end_of_record
TN:
SF:src/config/db.ts
FNF:0
FNH:0
DA:1,1
DA:2,1
DA:3,1
DA:5,1
LF:4
LH:4
BRF:0
BRH:0
end_of_record
TN:
SF:src/config/limiter.ts
FNF:0
FNH:0
DA:1,1
DA:3,1
LF:2
LH:2
BRDA:5,0,0,0
BRDA:5,0,1,1
BRF:2
BRH:1
end_of_record
TN:
SF:src/config/nodemailer.ts
FN:5,(anonymous_1)
FNF:1
FNH:1
FNDA:2,(anonymous_1)
DA:1,2
DA:2,2
DA:3,2
DA:5,2
DA:6,2
DA:16,2
LF:6
LH:6
BRF:0
BRH:0
end_of_record
TN:
SF:src/controllers/AuthController.ts
FN:9,(anonymous_1)
FN:44,(anonymous_2)
FN:59,(anonymous_3)
FN:84,(anonymous_4)
FN:105,(anonymous_5)
FN:117,(anonymous_6)
FN:135,(anonymous_7)
FN:139,(anonymous_8)
FN:157,(anonymous_9)
FNF:9
FNH:3
FNDA:5,(anonymous_1)
FNDA:2,(anonymous_2)
FNDA:14,(anonymous_3)
FNDA:0,(anonymous_4)
FNDA:0,(anonymous_5)
FNDA:0,(anonymous_6)
FNDA:0,(anonymous_7)
FNDA:0,(anonymous_8)
FNDA:0,(anonymous_9)
DA:2,2
DA:3,2
DA:4,2
DA:5,2
DA:6,2
DA:8,2
DA:9,2
DA:11,5
DA:14,5
DA:15,5
DA:16,3
DA:17,3
DA:20,2
DA:21,2
DA:22,2
DA:23,2
DA:24,2
DA:26,2
DA:27,2
DA:30,2
DA:31,2
DA:37,2
DA:40,0
DA:44,2
DA:45,2
DA:47,2
DA:48,2
DA:49,1
DA:50,1
DA:52,1
DA:53,1
DA:54,1
DA:56,1
DA:59,2
DA:60,14
DA:63,14
DA:64,14
DA:65,2
DA:66,2
DA:69,12
DA:70,3
DA:71,3
DA:74,9
DA:75,9
DA:76,2
DA:77,2
DA:80,7
DA:81,7
DA:84,2
DA:85,0
DA:88,0
DA:89,0
DA:90,0
DA:91,0
DA:93,0
DA:94,0
DA:96,0
DA:102,0
DA:105,2
DA:106,0
DA:108,0
DA:109,0
DA:110,0
DA:111,0
DA:114,0
DA:117,2
DA:118,0
DA:119,0
DA:121,0
DA:122,0
DA:123,0
DA:124,0
DA:128,0
DA:129,0
DA:130,0
DA:132,0
DA:135,2
DA:136,0
DA:139,2
DA:140,0
DA:141,0
DA:143,0
DA:145,0
DA:146,0
DA:147,0
DA:148,0
DA:151,0
DA:152,0
DA:154,0
DA:157,2
DA:158,0
DA:159,0
DA:161,0
DA:163,0
DA:164,0
DA:165,0
DA:166,0
DA:168,0
LF:98
LH:53
BRDA:15,0,0,3
BRDA:26,1,0,2
BRDA:48,2,0,1
BRDA:64,3,0,2
BRDA:69,4,0,3
BRDA:75,5,0,2
BRDA:89,6,0,0
BRDA:109,7,0,0
BRDA:122,8,0,0
BRDA:146,9,0,0
BRDA:164,10,0,0
BRF:11
BRH:6
end_of_record
TN:
SF:src/controllers/BudgetController.ts
FN:6,(anonymous_1)
FN:23,(anonymous_2)
FN:35,(anonymous_3)
FN:42,(anonymous_4)
FN:47,(anonymous_5)
FNF:5
FNH:5
FNDA:5,(anonymous_1)
FNDA:3,(anonymous_2)
FNDA:4,(anonymous_3)
FNDA:2,(anonymous_4)
FNDA:2,(anonymous_5)
DA:2,2
DA:3,2
DA:5,2
DA:6,2
DA:7,5
DA:8,5
DA:16,4
DA:19,1
DA:23,2
DA:24,3
DA:25,3
DA:26,2
DA:27,2
DA:28,2
DA:31,1
DA:35,2
DA:36,4
DA:39,4
DA:42,2
DA:43,2
DA:44,2
DA:47,2
DA:48,2
DA:49,2
LF:24
LH:24
BRF:0
BRH:0
end_of_record
TN:
SF:src/controllers/ExpenseController.ts
FN:6,(anonymous_1)
FN:18,(anonymous_2)
FN:22,(anonymous_3)
FN:27,(anonymous_4)
FNF:4
FNH:4
FNDA:2,(anonymous_1)
FNDA:1,(anonymous_2)
FNDA:1,(anonymous_3)
FNDA:1,(anonymous_4)
DA:2,2
DA:5,2
DA:6,2
DA:7,2
DA:8,2
DA:9,1
DA:10,1
DA:11,1
DA:14,1
DA:18,2
DA:19,1
DA:22,2
DA:23,1
DA:24,1
DA:27,2
DA:28,1
DA:29,1
LF:17
LH:17
BRF:0
BRH:0
end_of_record
TN:
SF:src/emails/AuthEmail.ts
FN:10,(anonymous_0)
FN:24,(anonymous_1)
FNF:2
FNH:1
FNDA:1,(anonymous_0)
FNDA:0,(anonymous_1)
DA:1,2
DA:9,2
DA:10,2
DA:11,1
DA:24,2
DA:25,0
LF:6
LH:5
BRF:0
BRH:0
end_of_record
TN:
SF:src/middleware/auth.ts
FN:13,(anonymous_1)
FNF:1
FNH:1
FNDA:16,(anonymous_1)
DA:2,1
DA:3,1
DA:13,1
DA:14,16
DA:16,16
DA:17,5
DA:18,5
DA:21,11
DA:22,11
DA:23,0
DA:24,0
DA:27,11
DA:28,11
DA:29,10
DA:30,10
DA:33,10
DA:36,1
LF:17
LH:15
BRDA:16,0,0,5
BRDA:22,1,0,0
BRDA:29,2,0,10
BRDA:29,3,0,10
BRDA:29,3,1,10
BRF:5
BRH:4
end_of_record
TN:
SF:src/middleware/budget.ts
FN:13,(anonymous_1)
FN:16,(anonymous_2)
FN:27,(anonymous_3)
FN:44,(anonymous_4)
FN:52,(anonymous_5)
FN:57,hasAccess
FNF:6
FNH:6
FNDA:7,(anonymous_1)
FNDA:6,(anonymous_2)
FNDA:9,(anonymous_3)
FNDA:4,(anonymous_4)
FNDA:4,(anonymous_5)
FNDA:7,hasAccess
DA:2,3
DA:3,3
DA:13,3
DA:14,7
DA:16,6
DA:19,7
DA:21,7
DA:22,1
DA:24,6
DA:27,3
DA:28,9
DA:29,9
DA:30,9
DA:32,8
DA:33,3
DA:34,3
DA:36,5
DA:37,5
DA:40,1
DA:44,3
DA:46,4
DA:49,4
DA:52,4
DA:54,4
DA:57,3
DA:58,7
DA:59,2
DA:60,2
DA:62,5
LF:29
LH:29
BRDA:21,0,0,1
BRDA:32,1,0,3
BRDA:58,2,0,2
BRF:3
BRH:3
end_of_record
TN:
SF:src/middleware/expense.ts
FN:13,(anonymous_1)
FN:21,(anonymous_2)
FN:26,(anonymous_3)
FN:27,(anonymous_4)
FN:38,(anonymous_5)
FNF:5
FNH:1
FNDA:0,(anonymous_1)
FNDA:0,(anonymous_2)
FNDA:0,(anonymous_3)
FNDA:0,(anonymous_4)
FNDA:3,(anonymous_5)
DA:2,2
DA:3,2
DA:13,2
DA:15,0
DA:18,0
DA:21,0
DA:23,0
DA:26,2
DA:27,0
DA:31,0
DA:32,0
DA:33,0
DA:35,0
DA:38,2
DA:39,3
DA:40,3
DA:41,3
DA:43,2
DA:44,1
DA:45,1
DA:47,1
DA:48,1
DA:51,1
LF:23
LH:14
BRDA:32,0,0,0
BRDA:43,1,0,1
BRF:2
BRH:1
end_of_record
TN:
SF:src/middleware/validation.ts
FN:4,(anonymous_0)
FNF:1
FNH:1
FNDA:25,(anonymous_0)
DA:2,1
DA:4,1
DA:5,25
DA:6,25
DA:7,8
DA:9,17
LF:6
LH:6
BRDA:6,0,0,8
BRF:1
BRH:1
end_of_record
TN:
SF:src/models/Budget.ts
FN:22,(anonymous_3)
FN:28,(anonymous_4)
FN:31,(anonymous_5)
FNF:3
FNH:3
FNDA:3,(anonymous_3)
FNDA:2,(anonymous_4)
FNDA:3,(anonymous_5)
DA:1,3
DA:2,3
DA:3,3
DA:9,3
DA:14,3
DA:20,3
DA:22,3
DA:26,3
DA:28,2
DA:29,3
DA:31,3
DA:32,3
DA:35,3
LF:13
LH:13
BRF:0
BRH:0
end_of_record
TN:
SF:src/models/Expense.ts
FN:21,(anonymous_3)
FN:24,(anonymous_4)
FNF:2
FNH:2
FNDA:2,(anonymous_3)
FNDA:2,(anonymous_4)
DA:1,3
DA:2,3
DA:8,3
DA:13,3
DA:19,3
DA:21,2
DA:22,3
DA:24,2
DA:25,3
DA:27,3
LF:10
LH:10
BRF:0
BRH:0
end_of_record
TN:
SF:src/models/User.ts
FN:39,(anonymous_3)
FNF:1
FNH:1
FNDA:2,(anonymous_3)
DA:1,3
DA:2,3
DA:8,3
DA:13,3
DA:19,3
DA:26,3
DA:31,3
DA:37,3
DA:39,2
DA:43,3
DA:46,3
LF:11
LH:11
BRF:0
BRH:0
end_of_record
TN:
SF:src/routes/authRouter.ts
FNF:0
FNH:0
DA:1,1
DA:2,1
DA:3,1
DA:4,1
DA:5,1
DA:6,1
DA:8,1
DA:10,1
DA:12,1
DA:23,1
DA:31,1
DA:40,1
DA:47,1
DA:56,1
DA:67,1
DA:72,1
DA:82,1
DA:91,1
LF:18
LH:18
BRF:0
BRH:0
end_of_record
TN:
SF:src/routes/budgetRouter.ts
FNF:0
FNH:0
DA:1,1
DA:2,1
DA:3,1
DA:4,1
DA:5,1
DA:6,1
DA:7,1
DA:9,1
DA:11,1
DA:13,1
DA:14,1
DA:15,1
DA:17,1
DA:18,1
DA:20,1
DA:22,1
DA:28,1
DA:30,1
DA:36,1
DA:39,1
DA:44,1
DA:45,1
DA:50,1
DA:53,1
LF:24
LH:24
BRF:0
BRH:0
end_of_record
TN:
SF:src/tests/mocks/budgets.ts
FNF:0
FNH:0
DA:1,3
LF:1
LH:1
BRF:0
BRH:0
end_of_record
TN:
SF:src/tests/mocks/expenses.ts
FNF:0
FNH:0
DA:1,2
LF:1
LH:1
BRF:0
BRH:0
end_of_record
TN:
SF:src/utils/auth.ts
FN:3,(anonymous_1)
FN:8,(anonymous_2)
FNF:2
FNH:2
FNDA:1,(anonymous_1)
FNDA:5,(anonymous_2)
DA:1,2
DA:3,2
DA:4,1
DA:5,1
DA:8,2
DA:9,5
LF:6
LH:6
BRF:0
BRH:0
end_of_record
TN:
SF:src/utils/jwt.ts
FN:3,(anonymous_1)
FNF:1
FNH:1
FNDA:5,(anonymous_1)
DA:1,2
DA:3,2
DA:4,5
DA:7,5
LF:4
LH:4
BRF:0
BRH:0
end_of_record
TN:
SF:src/utils/token.ts
FN:1,(anonymous_0)
FNF:1
FNH:1
FNDA:1,(anonymous_0)
DA:1,2
LF:1
LH:1
BRF:0
BRH:0
end_of_record
